0 info it worked if it ends with ok
1 verbose cli [ 'C:\\Program Files\\nodejs\\node.exe',
1 verbose cli   'C:\\Users\\joymala\\AppData\\Roaming\\npm\\node_modules\\npm\\bin\\npm-cli.js',
1 verbose cli   'start' ]
2 info using npm@3.10.6
3 info using node@v4.4.7
4 verbose run-script [ 'prestart', 'start', 'poststart' ]
5 info lifecycle reactApi@1.0.0~prestart: reactApi@1.0.0
6 silly lifecycle reactApi@1.0.0~prestart: no script for prestart, continuing
7 info lifecycle reactApi@1.0.0~start: reactApi@1.0.0
8 verbose lifecycle reactApi@1.0.0~start: unsafe-perm in lifecycle true
9 verbose lifecycle reactApi@1.0.0~start: PATH: C:\Users\joymala\AppData\Roaming\npm\node_modules\npm\bin\node-gyp-bin;C:\BB-TT\asemgithub\github\react-redux-api\node_modules\.bin;C:\Users\joymala\bin;C:\Program Files\Git\mingw64\bin;C:\Program Files\Git\usr\local\bin;C:\Program Files\Git\usr\bin;C:\Program Files\Git\usr\bin;C:\Program Files\Git\mingw64\bin;C:\Program Files\Git\usr\bin;C:\Users\joymala\bin;C:\Program Files (x86)\Intel\iCLS Client;C:\Program Files\Intel\iCLS Client;C:\ProgramData\Oracle\Java\javapath;C:\Windows\system32;C:\Windows;C:\Windows\System32\Wbem;C:\Windows\System32\WindowsPowerShell\v1.0;C:\Program Files\Microsoft\Web Platform Installer;C:\Program Files (x86)\Microsoft ASP.NET\ASP.NET Web Pages\v1.0;C:\Program Files\Microsoft SQL Server\110\Tools\Binn;C:\Program Files (x86)\QuickTime\QTSystem;C:\Program Files\Intel\Intel(R) Management Engine Components\DAL;C:\Program Files (x86)\Intel\Intel(R) Management Engine Components\DAL;C:\Program Files\Intel\Intel(R) Management Engine Components\IPT;C:\Program Files (x86)\Intel\Intel(R) Management Engine Components\IPT;C:\Program Files (x86)\Skype\Phone;C:\Program Files\TortoiseSVN\bin;%USERPROFILE%\.dnx\bin;C:\Program Files\Microsoft DNX\Dnvm;C:\Program Files\nodejs;C:\Program Files (x86)\Brackets\command;C:\Program Files\Git\cmd;C:\Users\joymala\AppData\Roaming\npm;C:\Program Files (x86)\Microsoft VS Code\bin;C:\Program Files\Git\usr\bin\vendor_perl;C:\Program Files\Git\usr\bin\core_perl
10 verbose lifecycle reactApi@1.0.0~start: CWD: C:\BB-TT\asemgithub\github\react-redux-api
11 silly lifecycle reactApi@1.0.0~start: Args: [ '/d /s /c', 'webpack-dev-server' ]
12 silly lifecycle reactApi@1.0.0~start: Returned: code: 1  signal: null
13 info lifecycle reactApi@1.0.0~start: Failed to exec start script
14 verbose stack Error: reactApi@1.0.0 start: `webpack-dev-server`
14 verbose stack Exit status 1
14 verbose stack     at EventEmitter.<anonymous> (C:\Users\joymala\AppData\Roaming\npm\node_modules\npm\lib\utils\lifecycle.js:255:16)
14 verbose stack     at emitTwo (events.js:87:13)
14 verbose stack     at EventEmitter.emit (events.js:172:7)
14 verbose stack     at ChildProcess.<anonymous> (C:\Users\joymala\AppData\Roaming\npm\node_modules\npm\lib\utils\spawn.js:40:14)
14 verbose stack     at emitTwo (events.js:87:13)
14 verbose stack     at ChildProcess.emit (events.js:172:7)
14 verbose stack     at maybeClose (internal/child_process.js:827:16)
14 verbose stack     at Process.ChildProcess._handle.onexit (internal/child_process.js:211:5)
15 verbose pkgid reactApi@1.0.0
16 verbose cwd C:\BB-TT\asemgithub\github\react-redux-api
17 error Windows_NT 10.0.10586
18 error argv "C:\\Program Files\\nodejs\\node.exe" "C:\\Users\\joymala\\AppData\\Roaming\\npm\\node_modules\\npm\\bin\\npm-cli.js" "start"
19 error node v4.4.7
20 error npm  v3.10.6
21 error code ELIFECYCLE
22 error reactApi@1.0.0 start: `webpack-dev-server`
22 error Exit status 1
23 error Failed at the reactApi@1.0.0 start script 'webpack-dev-server'.
23 error Make sure you have the latest version of node.js and npm installed.
23 error If you do, this is most likely a problem with the reactApi package,
23 error not with npm itself.
23 error Tell the author that this fails on your system:
23 error     webpack-dev-server
23 error You can get information on how to open an issue for this project with:
23 error     npm bugs reactApi
23 error Or if that isn't available, you can get their info via:
23 error     npm owner ls reactApi
23 error There is likely additional logging output above.
24 verbose exit [ 1, true ]
